desc: I1 cache:         32768 B, 64 B, 8-way associative
desc: D1 cache:         32768 B, 64 B, 8-way associative
desc: LL cache:         8388608 B, 64 B, 16-way associative
cmd: mandel/mandel output/mandel.bmp -r 2048 -x 0.5 -y 0.5 -s 1.0 -c 1 -i 512
events: Ir I1mr ILmr Dr D1mr DLmr Dw D1mw DLmw 
fl=/home/shomec/m/martinrf/Downloads/TDT4200_Assignment_4/src/libs/bitmap.c
fn=freeBmpData
9 8 0 0 0 0 0 4 0 0
10 8 0 0 4 0 0 0 0 0
11 10246 0 0 8195 0 0 1 0 0
12 16384 1 1 8192 257 97 0 0 0
13 16384 0 0 8192 0 0 2048 0 0
14 12288 0 0 6144 0 0 2048 0 0
18 4 0 0 2 0 0 1 0 0
19 2 0 0 1 0 0 1 0 0
21 6 1 1 4 0 0 0 0 0
fn=freeBmpImage
24 4 1 1 0 0 0 2 0 0
25 3 1 1 1 0 0 1 0 0
26 2 0 0 1 0 0 0 0 0
27 3 0 0 1 0 0 1 0 0
29 3 0 0 2 0 0 0 0 0
fn=newBmpImage
50 5 2 2 0 0 0 3 0 0
51 3 0 0 0 0 0 2 0 0
52 2 0 0 1 0 0 0 0 0
54 3 0 0 2 0 0 1 0 0
55 3 0 0 2 0 0 1 0 0
56 2 0 0 1 0 0 1 0 0
57 6 1 1 3 0 0 1 0 0
58 1 0 0 1 0 0 0 0 0
59 2 0 0 2 0 0 0 0 0
fn=reallocateBmpBuffer
31 7 1 1 0 0 0 5 0 0
32 3 0 0 1 0 0 1 0 0
33 4 1 1 2 0 0 0 0 0
34 9 0 0 3 0 0 2 0 0
35 4 0 0 2 0 0 0 0 0
38 8197 1 1 6146 0 0 1 0 0
39 20480 0 0 8192 0 0 4096 256 87
40 16384 0 0 8192 0 0 0 0 0
46 1 0 0 0 0 0 0 0 0
47 4 0 0 3 1 1 0 0 0
fn=saveBmpImage
153 8 1 1 1 0 0 4 0 0
154 1 1 1 0 0 0 1 0 0
155 5 0 0 1 0 0 2 0 0
156 2 0 0 1 0 0 0 0 0
160 1 0 0 0 0 0 1 0 0
161 10 1 1 4 0 0 1 0 0
162 7 0 0 2 0 0 1 0 0
163 1 0 0 0 0 0 1 0 0
164 4 1 1 1 0 0 0 0 0
168 3 0 0 1 0 0 1 0 0
170 55 3 3 1 0 0 54 0 0
171 6 1 1 3 0 0 0 0 0
172 5 0 0 4 0 0 0 0 0
173 5 1 1 4 0 0 0 0 0
177 9 0 0 1 0 0 1 0 0
180 10246 1 1 8195 0 0 1 0 0
181 43008 2 2 18432 257 257 2048 0 0
185 4096 0 0 2048 0 0 0 0 0
193 3 0 0 1 0 0 1 0 0
194 1 0 0 1 0 0 0 0 0
195 5 0 0 4 1 1 0 0 0
fl=/home/shomec/m/martinrf/Downloads/TDT4200_Assignment_4/src/libs/utilities.h
fn=clampDouble
6 15 1 1 0 0 0 12 0 0
7 9 0 0 6 0 0 0 0 0
9 9 0 0 6 0 0 0 0 0
11 3 1 1 3 0 0 0 0 0
12 6 0 0 6 0 0 0 0 0
fl=/home/shomec/m/martinrf/Downloads/TDT4200_Assignment_4/src/main.c
fn=computeDwellBuffer
88 15 2 2 1 0 0 8 0 0
90 8197 1 1 6146 0 0 1 0 0
92 16787456 1 1 12587008 0 0 2048 0 0
94 88080384 0 0 46137344 256 195 12582912 524808 524756
97 5 0 0 3 0 0 0 0 0
fn=computeNextValue
58 17672358186 1 1 4207704330 0 0 8415408660 0 0
59 15989276454 0 0 6732326928 0 0 2524622598 0 0
60 1683081732 0 0 1683081732 0 0 0 0 0
fn=getDwellColour
44 46137344 2 2 6291456 0 0 4194304 0 0
45 58720256 3 3 16777216 0 0 14680064 0 0
46 54525952 0 0 16777216 15243 28 4194304 0 0
47 4194304 0 0 4194304 0 0 0 0 0
fn=getInitialValue
50 11840292380 2 2 845735170 0 0 6765881360 0 0
51 16914703400 2 2 4228675850 0 0 845735170 0 0
52 16914703400 2 2 4228675850 0 0 845735170 0 0
53 5074411020 0 0 1691470340 0 0 1691470340 0 0
54 4228675850 1 1 1691470340 0 0 0 0 0
55 1691470340 0 0 1691470340 0 0 0 0 0
fn=isPartOfMandelbrot
63 8441482140 2 2 844148214 0 0 4220741070 0 0
64 8441482140 0 0 4220741070 0 0 1688296428 0 0
65 1688296428 0 0 1688296428 0 0 0 0 0
fn=main
142 6 1 1 0 0 0 4 0 0
143 1 0 0 0 0 0 1 0 0
145 1 0 0 0 0 0 1 0 0
146 1 0 0 0 0 0 1 0 0
147 1 1 1 0 0 0 1 0 0
148 4 0 0 2 1 1 2 0 0
149 2 0 0 1 1 1 1 0 0
150 1 0 0 0 0 0 1 0 0
151 1 0 0 0 0 0 1 0 0
156 64 1 1 21 0 0 14 0 0
158 72 1 1 12 2 2 0 0 0
161 11 1 1 2 0 0 3 0 0
162 1 0 0 0 0 0 0 0 0
164 11 1 1 2 0 0 3 0 0
165 1 0 0 0 0 0 0 0 0
167 11 1 1 2 0 0 3 0 0
168 6 0 0 2 0 0 0 0 0
170 1 0 0 0 0 0 0 0 0
172 4 1 1 1 0 0 2 0 0
173 1 0 0 0 0 0 0 0 0
175 4 0 0 1 0 0 2 0 0
176 1 0 0 0 0 0 0 0 0
178 4 0 0 1 0 0 2 0 0
179 1 0 0 0 0 0 0 0 0
193 3 0 0 2 0 0 0 0 0
199 13 2 2 3 0 0 3 0 0
200 20 1 1 7 0 0 2 0 0
201 3 0 0 1 0 0 1 0 0
207 4 1 1 2 0 0 1 0 0
208 8 0 0 1 0 0 2 0 0
209 6 1 1 2 0 0 1 0 0
213 6 0 0 3 0 0 1 0 0
214 6 1 1 3 0 0 1 0 0
215 6 0 0 3 0 0 1 0 0
216 6 1 1 3 0 0 1 0 0
217 5 0 0 3 0 0 1 0 0
218 5 1 1 3 0 0 1 0 0
221 18 1 1 10 0 0 2 0 0
222 20 2 2 10 0 0 2 0 0
225 4 0 0 1 0 0 0 0 0
227 8 1 1 3 0 0 2 0 0
228 16 2 2 3 0 0 1 0 0
229 5 0 0 1 0 0 1 0 0
230 12 1 1 5 0 0 2 0 0
231 5 0 0 1 0 0 1 0 0
235 6 1 1 2 0 0 2 1 1
236 2 0 0 1 0 0 0 0 0
243 6 1 1 1 1 1 2 0 0
244 2 0 0 1 0 0 0 0 0
249 8197 2 2 6146 0 0 1 1 1
251 20480 1 1 6144 0 0 4096 255 255
252 14336 0 0 6144 0 0 0 0 0
264 10 1 1 6 1 1 2 0 0
265 9 1 1 1 1 1 1 0 0
268 5 0 0 2 1 1 1 0 0
271 7 0 0 2 1 1 1 0 0
277 1 1 1 0 0 0 0 0 0
281 2 0 0 1 1 1 0 0 0
282 3 1 1 1 0 0 1 0 0
283 3 0 0 1 1 1 0 0 0
284 3 0 0 1 0 0 1 0 0
285 2 0 0 1 1 0 0 0 0
287 8197 1 1 6146 1 1 1 1 1
289 14336 0 0 6144 255 255 2048 0 0
291 3 0 0 1 0 0 1 0 0
294 1 0 0 0 0 0 0 0 0
295 4 0 0 3 1 1 0 0 0
fn=mapDwellBuffer
100 5 0 0 0 0 0 3 0 0
102 3 0 0 0 0 0 2 0 0
103 8197 2 2 6146 0 0 1 0 0
105 8398848 1 1 6295552 0 0 2048 0 0
107 48234496 1 1 16777216 525065 525065 8388608 0 0
108 29360128 1 1 14680064 258 258 2097152 197122 197122
109 29360128 0 0 14680064 0 0 2097152 0 0
110 29360128 0 0 14680064 0 0 2097152 0 0
113 3 0 0 1 0 0 1 0 0
114 3 0 0 2 0 0 0 0 0
fn=pixelDwell
71 62914560 2 2 4194304 0 0 33554432 0 0
72 67108864 1 1 29360128 0 0 16777216 0 0
73 4194304 0 0 0 0 0 4194304 0 0
74 4194304 0 0 0 0 0 4194304 0 0
77 10984468910 1 1 5068063196 1 1 1688296428 0 0
80 22721603382 1 1 9256949526 0 0 5890786062 0 0
81 1683081732 0 0 1683081732 0 0 0 0 0
84 4194304 0 0 4194304 0 0 0 0 0
85 8388608 0 0 8388608 0 0 0 0 0
fl=/home/shomec/m/martinrf/Downloads/TDT4200_Assignment_4/src/main.h
fn=getDwellColour
42 12582912 1 1 0 0 0 8388608 0 0
fn=initColourMap
18 6 1 1 0 0 0 4 0 0
19 8 1 1 2 1 1 0 0 0
20 9 1 1 4 1 1 0 0 0
22 3 1 1 0 0 0 3 0 0
23 2 0 0 0 0 0 1 0 0
24 1 0 0 0 0 0 1 0 0
26 46 1 1 29 0 0 1 0 0
27 56 0 0 28 1 1 0 0 0
28 84 1 1 28 0 0 7 0 0
29 84 1 1 28 0 0 7 0 0
30 84 1 1 28 0 0 7 0 0
31 112 1 1 35 0 0 14 0 0
32 3622 1 1 2576 0 0 7 0 0
33 6144 1 1 1024 0 0 512 0 0
34 7168 1 1 2560 0 0 512 23 23
35 7168 1 1 2560 0 0 512 0 0
36 7168 0 0 2560 0 0 512 0 0
37 512 0 0 512 0 0 0 0 0
39 49 0 0 21 0 0 7 0 0
40 63 0 0 28 0 0 14 0 0
42 3 0 0 2 0 0 0 0 0
fl=???
fn=(below main)
0 627 21 21 200 25 25 103 11 11
fn=???
0 4200109 14 13 4200068 6 6 8 0 0
fn=_Exit
0 8 2 2 0 0 0 0 0 0
fn=_IO_cleanup
0 214 18 18 65 14 12 36 0 0
fn=_IO_default_finish
0 25 3 3 10 0 0 3 0 0
fn=_IO_default_setbuf
0 51 4 4 9 0 0 15 0 0
fn=_IO_default_xsputn
0 63354 5 5 13912 0 0 12316 0 0
fn=_IO_do_write
0 97205 5 5 26227 1 1 20059 1 1
fn=_IO_doallocbuf
0 50 6 6 16 2 2 8 0 0
fn=_IO_file_close
0 2 1 1 1 0 0 0 0 0
fn=_IO_file_close_it
0 63 6 6 13 1 1 17 0 0
fn=_IO_file_doallocate
0 116 6 6 26 5 5 14 3 3
fn=_IO_file_finish
0 12 2 2 3 0 0 2 0 0
fn=_IO_file_fopen
0 79 10 10 15 1 1 11 0 0
fn=_IO_file_overflow
0 36168 7 7 9857 0 0 4978 2 2
fn=_IO_file_setbuf
0 15 0 0 3 0 0 8 0 0
fn=_IO_file_stat
0 8 1 1 2 0 0 0 0 0
fn=_IO_file_sync
0 17 3 3 7 0 0 3 0 0
fn=_IO_file_write
0 55548 2 2 12344 0 0 7715 1 1
fn=_IO_file_xsputn
0 147346 9 9 27011 1 1 19636 2 2
fn=_IO_link_in
0 102 10 10 36 1 1 20 0 0
fn=_IO_new_file_init_internal
0 13 1 1 4 0 0 5 0 0
fn=_IO_no_init
0 44 5 5 3 1 1 33 4 4
fn=_IO_setb
0 65 2 2 16 0 0 16 0 0
fn=_IO_un_link
0 109 11 11 38 2 2 19 0 0
fn=_IO_unsave_markers
0 6 2 2 3 0 0 0 0 0
fn=____strtod_l_internal
0 979 47 47 167 4 4 102 3 3
fn=____strtol_l_internal
0 377 12 12 44 3 3 27 0 0
fn=__ceil_sse41
0 14 1 1 7 0 0 0 0 0
fn=__close_nocancel
0 5 1 1 1 0 0 0 0 0
fn=__ctype_init
0 16 2 2 6 2 2 3 0 0
fn=__cxa_atexit
0 32 4 4 9 0 0 8 0 0
fn=__default_morecore
0 28266 2 1 4038 0 0 4038 0 0
fn=__deregister_frame_info
0 1 1 1 0 0 0 0 0 0
fn=__deregister_frame_info_bases
0 30 4 4 8 3 2 4 0 0
fn=__hypot_finite
0 61821334057 8 8 7937907236 1 1 6246357544 0 0
fn=__ieee754_log_fma
0 542177801 24 24 128528531 66646 283 37748734 2 2
fn=__init_misc
0 22 2 2 5 0 0 5 1 1
fn=__libc_alloca_cutoff
0 60 2 2 12 1 1 0 0 0
fn=__libc_csu_fini
0 23 2 2 4 1 1 4 0 0
fn=__libc_csu_init
0 47 3 3 9 1 1 9 0 0
fn=__libc_init_first
0 25 3 3 5 1 1 9 0 0
fn=__libc_init_secure
0 4 1 1 2 0 0 0 0 0
fn=__libc_setup_tls
0 114 10 10 27 7 7 32 8 8
fn=__log_finite
0 7 2 2 2 0 0 0 0 0
fn=__memcpy_avx_unaligned_erms
0 8882167 9 9 8531049 196613 196613 8524353 132 132
fn=__mempcpy_avx_unaligned_erms
0 10854 0 0 0 0 0 0 0 0
fn=__memset_avx2_erms
0 12473845 0 0 2043 0 0 12459544 192973 192973
fn=__memset_avx2_unaligned_erms
0 19146 6 4 10 0 0 372 164 164
fn=__mpn_construct_double
0 42 1 1 9 0 0 3 0 0
fn=__mpn_extract_double
0 120 3 3 6 0 0 24 0 0
fn=__mpn_lshift
0 165 2 2 22 0 0 11 0 0
fn=__mpn_mul_1
0 996 3 3 147 0 0 99 0 0
fn=__mpn_rshift
0 51 3 3 9 0 0 6 0 0
fn=__muldc3
0 17672358186 2 2 841540866 0 0 0 0 0
fn=__new_exitfn
0 29 4 4 8 2 2 5 0 0
fn=__overflow
0 867 2 2 204 0 0 51 0 0
fn=__printf_fp
0 36 1 1 6 0 0 0 0 0
fn=__printf_fp_l
0 5032 71 71 1075 7 7 617 2 2
fn=__register_frame_info
0 8 1 1 1 1 1 0 0 0
fn=__register_frame_info_bases.part.6
0 15 3 3 4 2 2 8 1 1
fn=__run_exit_handlers
0 102 10 10 25 4 4 13 2 2
fn=__sigjmp_save
0 8 1 1 2 0 0 2 0 0
fn=__sigsetjmp
0 19 2 2 4 0 0 8 1 1
fn=__strchr_avx2
0 179 5 5 25 0 0 0 0 0
fn=__strchrnul_avx2
0 352 5 5 36 4 4 0 0 0
fn=__strcspn_sse42
0 96 6 6 13 2 2 0 0 0
fn=__strlen_avx2
0 449 4 4 59 6 6 0 0 0
fn=__strncmp_sse42
0 477 13 13 74 2 2 0 0 0
fn=__strncpy_ssse3
0 101 11 11 22 0 0 4 0 0
fn=__strrchr_avx2
0 27 4 4 2 1 1 0 0 0
fn=__strstr_sse2
0 25 4 4 9 1 1 6 0 0
fn=__tunable_get_val
0 289 2 2 64 0 0 16 0 0
fn=__tunables_init
0 28774 7 7 5845 63 63 8 0 0
fn=_dl_aux_init
0 311 17 17 80 11 11 40 3 3
fn=_dl_debug_initialize
0 19 3 3 4 0 0 4 0 0
fn=_dl_discover_osversion
0 79 3 3 11 1 1 4 1 1
fn=_dl_get_origin
0 93 6 6 12 2 2 6 0 0
fn=_dl_important_hwcaps
0 584 24 24 84 0 0 71 6 6
fn=_dl_init_paths
0 516 11 11 74 2 2 53 4 4
fn=_dl_non_dynamic_init
0 133 11 11 25 2 2 27 3 3
fn=_dl_relocate_static_pie
0 1 0 0 1 0 0 0 0 0
fn=_fxstat
0 20 3 3 2 0 0 0 0 0
fn=_int_free
0 3621 10 10 952 8 2 586 40 35
fn=_int_malloc
0 648206 48 47 91094 34 25 109220 4024 4024
fn=_itoa_word
0 114 4 4 10 2 2 7 0 0
fn=_setjmp
0 2 1 1 0 0 0 0 0 0
fn=_start
0 11 2 2 1 1 1 3 0 0
fn=atof
0 6 1 1 0 0 0 0 0 0
fn=atoi
0 18 1 1 3 0 0 3 0 0
fn=bcmp
0 12 3 3 3 0 0 0 0 0
fn=brk
0 1222 2 2 101 0 0 138 0 0
fn=cabs
0 846245366 1 1 0 0 0 0 0 0
fn=calloc
0 141440 9 9 26650 0 0 12302 0 0
fn=ceil
0 4 1 1 2 0 0 0 0 0
fn=exchange
0 750 10 10 126 0 0 126 0 0
fn=exit
0 5 1 1 0 0 0 1 0 0
fn=expand_dynamic_string_token
0 38 2 2 8 0 0 10 0 0
fn=fclose
0 75 7 7 26 2 2 9 0 0
fn=fillin_rpath
0 341 16 16 61 0 0 67 1 1
fn=fini
0 4 2 2 2 1 1 0 0 0
fn=fopen
0 41 3 3 6 0 0 10 1 1
fn=free
0 600473 26 26 167296 4242 2882 77746 2 2
fn=fwrite
0 151625 7 7 47127 1 1 18442 0 0
fn=get_common_indeces.constprop.1
0 85 8 8 9 0 0 17 1 1
fn=getenv
0 3450 4 4 1132 0 0 69 1 1
fn=getopt
0 875 17 17 250 2 2 147 1 1
fn=hack_digit
0 249 3 3 78 0 0 39 0 0
fn=handle_intel.constprop.1
0 174 5 5 33 0 0 42 0 0
fn=hypot
0 11847435124 2 2 4231226830 0 0 2538736098 0 0
fn=index
0 7 1 1 2 0 0 0 0 0
fn=init_cacheinfo
0 249 16 16 14 0 0 18 1 1
fn=intel_check_word.isra.0
0 1349 11 11 111 6 6 24 0 0
fn=log
0 16777228 1 1 0 0 0 2 0 0
fn=malloc
0 90820 8 8 16520 7 7 6191 3 3
fn=malloc_hook_ini
0 63 7 7 13 1 1 7 1 1
fn=memchr
0 7 0 0 2 0 0 0 0 0
fn=memcpy
0 15 2 2 3 0 0 0 0 0
fn=memmove
0 15 1 1 3 0 0 0 0 0
fn=mempcpy
0 15 3 3 3 0 0 0 0 0
fn=memset
0 17 2 2 3 0 0 0 0 0
fn=mmap
0 1295 3 3 259 0 0 222 0 0
fn=open
0 29 3 3 6 0 0 5 0 0
fn=printf
0 172 4 4 30 2 2 82 0 0
fn=ptmalloc_init.part.0
0 959 11 11 13 2 2 150 35 35
fn=rawmemchr
0 7 0 0 2 0 0 0 0 0
fn=rindex
0 7 1 1 2 0 0 0 0 0
fn=round_and_return
0 231 10 10 36 0 0 27 1 1
fn=sbrk
0 69702 5 3 20195 135 3 8179 1 0
fn=stpcpy
0 8 0 0 3 0 0 0 0 0
fn=str_to_mpn.isra.0
0 152 4 4 38 1 1 27 2 2
fn=strcasecmp_l
0 5 1 1 2 0 0 0 0 0
fn=strchrnul
0 7 2 2 2 0 0 0 0 0
fn=strcmp
0 8 1 1 3 0 0 0 0 0
fn=strcpy
0 8 0 0 3 0 0 0 0 0
fn=strcspn
0 5 1 1 2 0 0 0 0 0
fn=strdup
0 34 1 1 4 0 0 8 0 0
fn=strlen
0 7 1 1 2 0 0 0 0 0
fn=strncasecmp_l
0 5 2 2 2 0 0 0 0 0
fn=strncmp
0 7 1 1 3 0 0 0 0 0
fn=strncpy
0 8 1 1 3 0 0 0 0 0
fn=strnlen
0 7 1 1 2 0 0 0 0 0
fn=strsep
0 49 2 2 14 0 0 11 0 0
fn=strspn
0 5 1 1 2 0 0 0 0 0
fn=strstr
0 5 1 1 2 0 0 0 0 0
fn=strtod
0 12 1 1 3 0 0 0 0 0
fn=strtol
0 12 2 2 3 0 0 0 0 0
fn=sysmalloc
0 13032 36 27 2347 194 2 1968 305 175
fn=systrim.isra.1.constprop.11
0 106353 3 3 35451 1 1 15756 0 0
fn=tcache_init.part.4
0 106 4 4 7 1 1 76 8 8
fn=uname
0 5 1 1 1 0 0 0 0 0
fn=vfprintf
0 2373 64 64 591 25 25 466 11 11
fn=wcslen
0 7 1 1 2 0 0 0 0 0
fn=wcsnlen
0 6 1 1 2 0 0 0 0 0
fn=wmemset
0 12 2 2 2 0 0 0 0 0
fn=write
0 12344 1 1 3086 0 0 0 0 0
summary: 239320635136 1071 1055 63130495635 809735 726233 43538585808 920236 919879
