# callgrind format
version: 1
creator: callgrind-3.13.0
pid: 5151
cmd:  mandel/mandel output/mandel.bmp -r 200 -x 0.5 -y 0.5 -s 1.0 -c 1 -i 512
part: 1


desc: I1 cache: 
desc: D1 cache: 
desc: LL cache: 

desc: Timerange: Basic block 0 - 191310550
desc: Trigger: Program termination

positions: line
events: Ir
summary: 1712655681


ob=(1) /home/shomec/m/martinrf/Downloads/TDT4200_Assignment_4/mandel/mandel
fl=(6) /home/shomec/m/martinrf/Downloads/TDT4200_Assignment_4/src/libs/bitmap.c
fn=(278) newBmpImage
50 5
+1 2
cfi=(1) ???
cfn=(90) malloc
calls=1 -51 
* 39
* 1
+1 2
+2 3
+1 3
+1 2
+1 6
cfn=(280) reallocateBmpBuffer
calls=1 -26 
* 61281
+1 1
+1 2

fn=(280)
31 7
+1 3
cfn=(282) freeBmpData
calls=1 -23 
* 11
+1 4
+1 6
cfi=(1)
cfn=(218) calloc
calls=1 -34 
* 333
* 3
+1 4
+3 2
+1 1800
cfi=(1)
cfn=(218)
calls=200 -39 
* 56500
* 200
+1 1600
-2 803
+8 1
+1 4

fn=(282)
9 4
+1 4
+11 3

fl=(4) /home/shomec/m/martinrf/Downloads/TDT4200_Assignment_4/src/libs/utilities.h
fn=(216) clampDouble
6 15
+1 9
+2 9
+2 3
+1 6

fl=(3) /home/shomec/m/martinrf/Downloads/TDT4200_Assignment_4/src/main.c
fn=(292) isPartOfMandelbrot
63 60553770
+1 30276885
cfi=(1)
cfn=(294) cabs
calls=6055377 -64 
* 536283344
* 30276880
+1 12110752

fn=(190) main
143 6
+1 1
+2 1
+1 1
+1 1
+1 4
+1 2
+1 1
+1 1
+5 1
+2 72
+3 3
cfi=(1)
cfn=(202) atof
calls=1 0 
* 574
* 6
cfi=(4)
cfn=(216)
calls=1 6 
* 14
* 2
+1 1
+2 3
cfi=(1)
cfn=(202)
calls=1 0 
* 574
* 6
cfi=(4)
cfn=(216)
calls=1 6 
* 14
* 2
+1 1
+2 3
cfi=(1)
cfn=(202)
calls=1 0 
* 435
* 6
cfi=(4)
cfn=(216)
calls=1 6 
* 14
* 2
+1 6
+2 1
+2 3
cfi=(1)
cfn=(194) atoi
calls=1 0 
* 142
* 1
+1 1
+2 3
cfi=(1)
cfn=(194)
calls=1 0 
* 142
* 1
+1 1
+2 3
cfi=(1)
cfn=(194)
calls=1 0 
* 104
* 1
+1 1
-23 42
cfi=(1)
cfn=(192) getopt
calls=7 0 
* 2291
* 21
+37 3
+6 8
cfi=(1)
cfn=(112) __strlen_avx2
calls=1 0 
* 15
* 1
* 4
cfi=(1)
cfn=(218)
calls=1 0 
* 237
* 1
+1 8
cfi=(1)
cfn=(112)
calls=1 0 
* 15
* 1
* 12
cfi=(1)
cfn=(222) __strncpy_ssse3
calls=1 0 
* 101
* 1
+1 3
+6 4
+1 7
cfi=(1)
cfn=(90)
calls=1 0 
* 203
* 1
+1 6
cfi=(5) /home/shomec/m/martinrf/Downloads/TDT4200_Assignment_4/src/main.h
cfn=(224) initColourMap
calls=1 18 
* 32413
+4 6
+1 6
+1 6
+1 6
+1 5
+1 5
+3 18
+1 20
+3 4
+2 8
cfi=(1)
cfn=(230) printf
calls=1 0 
* 5297
+1 16
cfi=(1)
cfn=(230)
calls=1 0 
* 1081
+1 5
cfi=(1)
cfn=(230)
calls=1 0 
* 868
+1 12
cfi=(1)
cfn=(230)
calls=1 0 
* 7489
+1 5
cfi=(1)
cfn=(230)
calls=1 0 
* 834
+4 5
cfi=(6)
cfn=(278)
calls=1 50 
* 61347
* 1
+1 2
+7 5
cfi=(1)
cfn=(90)
calls=1 0 
* 203
* 1
+1 2
+5 2
+2 1800
cfi=(1)
cfn=(90)
calls=200 0 
* 41053
* 200
+1 1400
-3 803
+15 10
cfn=(284) computeDwellBuffer
calls=1 91 
* 1712453884

fn=(300) computeNextValue
58 126758289
+1 60361090
cfi=(1)
cfn=(302) __muldc3
calls=6036109 -59 
* 126758289
* 54324981
+1 12072218

fn=(284)
91 15
+1 2
+2 308
+2 612980
cfn=(286) pixelDwell
calls=30649 -25 
* 1711686262
* 30648
-2 123054
-2 615

fn=(290) getInitialValue
50 84934612
+1 121335160
+1 121335160
+1 36400548
+1 30333790
+1 12133516

fn=(286)
71 459735
+2 91947
cfi=(1)
cfn=(288) clock_gettime
calls=30649 -73 
* 153245
+1 367788
cfn=(290)
calls=30649 -24 
* 2053483
* 122596
+1 91947
cfi=(1)
cfn=(288)
calls=30649 -75 
* 153245
+1 30649
+1 30649
+3 30649
+3 72433308
cfn=(290)
calls=6036109 -33 
* 404419303
* 66397199
cfn=(300)
calls=6036109 -25 
* 380274867
* 24144436
+1 12072218
-4 66654671
cfn=(292)
calls=6055377 -17 
* 669501631
* 12110752
+7 30648
+1 61296

fl=(1)
fn=(32) strcmp
0 8

fn=(54) rindex
0 7

fn=(68) strcpy
0 8

fn=(126) fillin_rpath
0 20
cfn=(128) strsep
calls=1 0 
0 66
0 6
cfn=(128)
calls=2 0 
0 81
0 19
cfn=(134) expand_dynamic_string_token
calls=2 0 
0 612
0 10
cfn=(112)
calls=2 0 
0 38
0 2
0 75
cfn=(142) free
calls=2 0 
0 136
0 22
cfn=(90)
calls=2 0 
0 432
0 18
cfn=(106) __mempcpy_avx_unaligned_erms
calls=2 0 
0 26
0 2
0 171

fn=(134)
0 20
cfn=(138) __strchr_avx2
calls=2 0 
0 46
0 2
0 18
cfn=(140) strdup
calls=2 0 
0 526

fn=(140)
0 10
cfn=(112)
calls=2 0 
0 34
0 2
0 6
cfn=(90)
calls=2 0 
0 432
0 18
cfn=(78) __memcpy_avx_unaligned_erms
calls=2 0 
0 22
0 2

fn=(154) __new_exitfn
0 29

fn=(250) _IO_setb
0 18

fn=(2) (below main)
0 18
cfn=(4) _dl_relocate_static_pie
calls=1 0 
0 1
0 226
cfn=(6) _dl_aux_init
calls=1 0 
0 311
0 3
cfn=(8) __libc_init_secure
calls=1 0 
0 4
0 2
cfn=(10) __tunables_init
calls=1 0 
0 28311
0 27
cfn=(14) __tunable_get_val
calls=1 0 
0 16
0 4
cfn=(14)
calls=1 0 
0 18
0 6
cfn=(14)
calls=1 0 
0 18
0 6
cfn=(14)
calls=1 0 
0 18
0 115
cfn=(68)
calls=1 0 
0 8
cfn=(66) strnlen
calls=1 0 
0 7
cfn=(64) memmove
calls=1 0 
0 15
cfn=(62) ceil
calls=1 0 
0 4
cfn=(60) rawmemchr
calls=1 0 
0 7
cfn=(58) memcpy
calls=1 0 
0 15
cfn=(56) wcslen
calls=1 0 
0 7
cfn=(54)
calls=1 0 
0 7
cfn=(52) stpcpy
calls=1 0 
0 8
cfn=(50) strchrnul
calls=1 0 
0 7
cfn=(48) memchr
calls=1 0 
0 7
cfn=(46) strstr
calls=1 0 
0 5
cfn=(44) strncmp
calls=1 0 
0 7
cfn=(42) strncpy
calls=1 0 
0 8
cfn=(40) bcmp
calls=1 0 
0 12
cfn=(38) strcasecmp_l
calls=1 0 
0 5
cfn=(36) memset
calls=1 0 
0 17
cfn=(34) wcsnlen
calls=1 0 
0 6
cfn=(32)
calls=1 0 
0 8
cfn=(30) wmemset
calls=1 0 
0 12
cfn=(28) mempcpy
calls=1 0 
0 15
cfn=(26) strcspn
calls=1 0 
0 5
cfn=(24) __log_finite
calls=1 0 
0 7
cfn=(22) strncasecmp_l
calls=1 0 
0 5
cfn=(20) strspn
calls=1 0 
0 5
cfn=(18) strlen
calls=1 0 
0 7
cfn=(16) index
calls=1 0 
0 7
0 111
cfn=(70) __libc_setup_tls
calls=1 0 
0 177
0 17
cfn=(84) __libc_init_first
calls=1 0 
0 9835
0 6
cfn=(152) __cxa_atexit
calls=1 0 
0 61
0 8
cfn=(156) __libc_csu_init
calls=1 0 
0 1870
0 3
cfn=(182) _dl_debug_initialize
calls=1 0 
0 19
0 2
cfn=(184) _setjmp
calls=1 0 
0 29
0 13
cfi=(3)
cfn=(190)
calls=1 143 
0 1712613968
0 19
cfn=(80) _dl_discover_osversion
calls=1 0 
0 84
0 13
cfn=(12) get_common_indeces.constprop.1
calls=1 0 
0 85
0 23

fn=(96) tcache_init.part.4
0 14
cfn=(98) _int_malloc
calls=1 0 
0 386
0 92

fn=(100) sysmalloc
0 327
cfn=(102) __default_morecore
calls=4 0 
0 180
0 134
cfn=(102)
calls=1 0 
0 45
0 22

fn=(148) __strrchr_avx2
0 51

fn=(182)
0 19

fn=(194)
0 12
cfn=(196) strtol
calls=3 0 
0 370
0 6

fn=(228) __ceil_sse41
0 14

fn=(266) __libc_alloca_cutoff
0 60

fn=(288)
0 306490

fn=(296) hypot
0 24221508
cfn=(298) __hypot_finite
calls=6055377 0 
0 445452689
0 60553770

fn=(8)
0 4

fn=(58)
0 15

fn=(108) getenv
0 72
cfn=(112)
calls=8 0 
0 148
0 8
0 3306
cfn=(116) __strncmp_sse42
calls=13 0 
0 580
0 13
0 30

fn=(200) exchange
0 750

fn=(208) str_to_mpn.isra.0
0 152

fn=(246) _IO_file_stat
0 4
cfn=(248) _fxstat
calls=1 0 
0 10

fn=(256) __printf_fp
0 36
cfn=(258) __printf_fp_l
calls=6 0 
0 9326

fn=(260) __mpn_extract_double
0 120

fn=(64)
0 15

fn=(74) brk
0 77

fn=(166) __register_frame_info
0 8
cfn=(168) __register_frame_info_bases.part.6
calls=1 0 
0 15

fn=(176) init_cacheinfo
0 56
cfn=(178) handle_intel.constprop.1
calls=1 0 
0 468
0 3
cfn=(178)
calls=1 0 
0 514
0 3
cfn=(178)
calls=1 0 
0 541
0 187

fn=(192)
0 164
cfn=(108)
calls=1 0 
0 489
0 87
cfn=(138)
calls=6 0 
0 171
0 6
0 381
cfn=(200)
calls=6 0 
0 750
0 243

fn=(204) strtod
0 12
cfn=(206) ____strtod_l_internal
calls=3 0 
0 1565

fn=(272) _IO_file_write
0 65
cfn=(274) write
calls=5 0 
0 40
0 115

fn=(20)
0 5

fn=(38)
0 5

fn=(40)
0 12

fn=(48)
0 7

fn=(84)
0 13
cfn=(86) _dl_non_dynamic_init
calls=1 0 
0 9720
0 4
cfn=(144) __init_misc
calls=1 0 
0 74
0 4
cfn=(150) __ctype_init
calls=1 0 
0 16
0 4

fn=(120) _dl_important_hwcaps
0 19
cfn=(14)
calls=1 0 
0 18
0 94
cfn=(112)
calls=1 0 
0 19
0 1
0 74
cfn=(90)
calls=1 0 
0 212
0 39
cfn=(106)
calls=1 0 
0 18
0 1
0 4
cfn=(106)
calls=1 0 
0 18
0 1
0 29
cfn=(106)
calls=1 0 
0 15
0 1
0 10
cfn=(106)
calls=2 0 
0 32
0 2
0 315

fn=(144)
0 12
cfn=(148)
calls=1 0 
0 51
0 1
0 10

fn=(26)
0 5

fn=(62)
0 4

fn=(70)
0 53
cfn=(72) sbrk
calls=1 0 
0 51
0 22
cfn=(78)
calls=1 0 
0 11
0 1
0 39

fn=(72)
0 59
cfn=(74)
calls=1 0 
0 11
0 63
cfn=(74)
calls=6 0 
0 66
0 42

fn=(98)
0 59428
cfn=(100)
calls=4 0 
0 708
0 7011

fn=(248)
0 10

fn=(52)
0 8

fn=(102)
0 10
cfn=(72)
calls=5 0 
0 190
0 25

fn=(142)
0 136

fn=(236) __strchrnul_avx2
0 301

fn=(254) _IO_default_xsputn
0 212
cfn=(240) _IO_file_overflow
calls=14 0 
0 462
0 125

fn=(264) __mpn_rshift
0 51

fn=(6)
0 311

fn=(22)
0 5

fn=(24)
0 7

fn=(112)
0 493

fn=(128)
0 24
cfn=(132) __strcspn_sse42
calls=2 0 
0 96
0 2
0 25

fn=(180) intel_check_word.isra.0
0 1349

fn=(198) ____strtol_l_internal
0 358

fn=(214) __mpn_construct_double
0 42

fn=(240)
0 2297
cfn=(252) _IO_do_write
calls=6 0 
0 529
0 2
cfn=(242) _IO_doallocbuf
calls=1 0 
0 327
0 6

fn=(16)
0 7

fn=(30)
0 12

fn=(44)
0 7

fn=(212) round_and_return
0 180
cfn=(214)
calls=3 0 
0 42
0 51

fn=(218)
0 5454
cfn=(98)
calls=202 0 
0 32527
0 8082
cfn=(124) __memset_avx2_unaligned_erms
calls=201 0 
0 10404
0 201
0 402

fn=(10)
0 28311

fn=(14)
0 289

fn=(92) malloc_hook_ini
0 27
cfn=(98)
calls=1 0 
0 168
0 16
cfn=(96)
calls=1 0 
0 492
0 17
cfn=(94) ptmalloc_init.part.0
calls=1 0 
0 1160
0 3

fn=(94)
0 912
cfn=(14)
calls=1 0 
0 19
0 4
cfn=(14)
calls=1 0 
0 18
0 4
cfn=(14)
calls=1 0 
0 19
0 4
cfn=(14)
calls=1 0 
0 18
0 4
cfn=(14)
calls=1 0 
0 18
0 4
cfn=(14)
calls=1 0 
0 19
0 4
cfn=(14)
calls=1 0 
0 18
0 4
cfn=(14)
calls=1 0 
0 18
0 4
cfn=(14)
calls=1 0 
0 18
0 4
cfn=(14)
calls=1 0 
0 18
0 4
cfn=(14)
calls=1 0 
0 18
0 7

fn=(118) _dl_init_paths
0 14
cfn=(120)
calls=1 0 
0 922
0 3
cfn=(90)
calls=1 0 
0 216
0 17
cfn=(90)
calls=1 0 
0 212
0 35
cfn=(124)
calls=4 0 
0 44
0 4
0 77
cfn=(112)
calls=1 0 
0 23
0 1
0 8
cfn=(78)
calls=1 0 
0 11
0 1
0 340
cfn=(90)
calls=1 0 
0 216
0 10
cfn=(126)
calls=1 0 
0 1736
0 12

fn=(178)
0 108
cfn=(180)
calls=3 0 
0 1035
0 27
cfn=(180)
calls=3 0 
0 314
0 39

fn=(210) __mpn_lshift
0 165

fn=(262) __mpn_mul_1
0 996

fn=(268) hack_digit
0 168
cfn=(262)
calls=9 0 
0 180
0 81

fn=(150)
0 16

fn=(162) 0x0000000000400ba0
0 20
cfn=(166)
calls=1 0 
0 23
0 2

fn=(202)
0 6
cfn=(204)
calls=3 0 
0 1577

fn=(18)
0 7

fn=(56)
0 7

fn=(86)
0 6
cfn=(88) _dl_get_origin
calls=1 0 
0 2001
0 12
cfn=(108)
calls=1 0 
0 566
0 12
cfn=(108)
calls=1 0 
0 165
0 2
cfn=(118)
calls=1 0 
0 3902
0 4
cfn=(108)
calls=1 0 
0 583
0 8
cfn=(108)
calls=1 0 
0 605
0 8
cfn=(108)
calls=1 0 
0 587
0 8
cfn=(108)
calls=1 0 
0 579
0 13
cfn=(108)
calls=1 0 
0 583
0 13
cfn=(112)
calls=1 0 
0 15
0 1
0 47

fn=(184)
0 2
cfn=(186) __sigsetjmp
calls=1 0 
0 27

fn=(298)
0 445452689

fn=(34)
0 6

fn=(36)
0 17

fn=(60)
0 7

fn=(222)
0 101

fn=(238) _IO_file_xsputn
0 418
cfn=(106)
calls=11 0 
0 169
0 11
0 40
cfn=(106)
calls=5 0 
0 87
0 5
0 299
cfn=(240)
calls=6 0 
0 1016
0 100
cfn=(254)
calls=1 0 
0 799
0 611

fn=(302)
0 126758289

fn=(66)
0 7

fn=(116)
0 580

fn=(124)
0 10448

fn=(138)
0 217

fn=(152)
0 14
cfn=(154)
calls=1 0 
0 29
0 18

fn=(188) __sigjmp_save
0 8

fn=(276) _itoa_word
0 92

fn=(294)
0 6055377
cfn=(296)
calls=6055377 0 
0 530227967

fn=(12)
0 85

fn=(42)
0 8

fn=(82) uname
0 5

fn=(88)
0 79
cfn=(90)
calls=1 0 
0 1894
0 7
cfn=(106)
calls=1 0 
0 13
0 1
0 7

fn=(106)
0 480

fn=(168)
0 15

fn=(0) _start
0 11
cfn=(2)
calls=1 0 
0 1712655670

fn=(46)
0 5

fn=(78)
0 68

fn=(80)
0 7
cfn=(82)
calls=1 0 
0 5
0 72

fn=(90)
0 5724
cfn=(98)
calls=211 0 
0 34066
0 3646
cfn=(92)
calls=1 0 
0 1883

fn=(156)
0 19
cob=(2) ???
cfi=(2) ???
cfn=(158) 0x0000000000400460
calls=1 0 
0 6
0 10
cfn=(162)
calls=1 0 
0 45
0 4
cfn=(176)
calls=1 0 
0 1772
0 14

fn=(230)
0 82
cfn=(232) vfprintf
calls=2 0 
0 12718
0 39
cfn=(232)
calls=3 0 
0 2705
0 25

fn=(242)
0 23
cfn=(244) _IO_file_doallocate
calls=1 0 
0 302
0 2

fn=(244)
0 22
cfn=(246)
calls=1 0 
0 14
0 12
cfn=(90)
calls=1 0 
0 207
0 8
cfn=(250)
calls=1 0 
0 18
0 21

fn=(270) __overflow
0 867
cfn=(240)
calls=51 0 
0 1683

fn=(28)
0 15

fn=(186)
0 19
cfn=(188)
calls=1 0 
0 8

fn=(196)
0 12
cfn=(198)
calls=3 0 
0 358

fn=(206)
0 72
cfn=(112)
calls=3 0 
0 57
0 3
0 572
cfn=(78)
calls=2 0 
0 24
0 2
0 63
cfn=(208)
calls=2 0 
0 104
0 36
cfn=(210)
calls=2 0 
0 30
0 10
cfn=(210)
calls=2 0 
0 30
0 17
cfn=(208)
calls=1 0 
0 48
0 71
cfn=(212)
calls=2 0 
0 182
0 127
cfn=(210)
calls=1 0 
0 15
0 10
cfn=(212)
calls=1 0 
0 91
0 1

fn=(4)
0 1

fn=(50)
0 7

fn=(132)
0 96

fn=(232)
0 181
cfn=(236)
calls=5 0 
0 101
0 5
0 85
cfn=(238)
calls=5 0 
0 1774
0 758
cfn=(236)
calls=10 0 
0 200
0 10
0 180
cfn=(238)
calls=10 0 
0 1468
0 174
cfn=(276)
calls=2 0 
0 92
0 434
cfn=(256)
calls=6 0 
0 9362
0 88
cfn=(238)
calls=2 0 
0 166
0 49
cfn=(238)
calls=1 0 
0 147
0 75
cfn=(112)
calls=1 0 
0 15
0 1
0 5
cfn=(270)
calls=1 0 
0 50
0 3

fn=(252)
0 159
cfn=(272)
calls=5 0 
0 220
0 150

fn=(258)
0 522
cfn=(260)
calls=6 0 
0 120
0 276
cfn=(266)
calls=6 0 
0 60
0 123
cfn=(268)
calls=3 0 
0 135
0 1086
cfn=(262)
calls=36 0 
0 720
0 246
cfn=(268)
calls=6 0 
0 294
0 496
cfn=(210)
calls=3 0 
0 45
0 142
cfn=(210)
calls=3 0 
0 45
0 384
cfn=(262)
calls=3 0 
0 96
0 148
cfn=(112)
calls=6 0 
0 114
0 6
0 642
cfn=(106)
calls=6 0 
0 102
0 6
0 636
cfn=(270)
calls=48 0 
0 2400
0 202
cfn=(270)
calls=2 0 
0 100
0 126
cfn=(264)
calls=3 0 
0 51
0 3

fn=(274)
0 40

fl=(5)
fn=(224)
18 6
+1 8
+1 9
+2 3
+1 2
+1 1
+2 2
+1 56
+1 84
+1 84
+1 84
+1 98
cfi=(1)
cfn=(228)
calls=7 -31 
* 14
* 7
* 14
+1 14
+1 6144
+1 7168
+1 7168
+1 7168
+1 512
-5 3608
+7 49
+1 63
-14 44
+16 3

ob=(2)
fl=(2)
fn=(158)
0 6

totals: 1712655681
